<?xml version="1.0" encoding="UTF-8"?>
<!-- Generated by org.testng.reporters.JUnitXMLReporter -->
<testsuite ignored="1" hostname="LAPTOP-A8LVSE7A" failures="0" tests="1" name="Default test" time="4.774" errors="0" timestamp="2024-07-11T15:50:39 ADT">
  <testcase classname="com.taskmanagerplus.tests.TaskSearchTest" name="testSearchTask" time="0.273"/>
  <testcase classname="com.taskmanagerplus.tests.TaskSearchTest" name="testCreateNewTask" time="0.0">
    <ignored/>
  </testcase> <!-- testCreateNewTask -->
</testsuite> <!-- Default test -->
